<?xml version="1.0" encoding="UTF-8"?>
<testsuite xmlns:xsi="http://www.w3.org/2001/XMLSchema-instance" xsi:noNamespaceSchemaLocation="https://maven.apache.org/surefire/maven-surefire-plugin/xsd/surefire-test-report-3.0.xsd" version="3.0" name="runners.testrunner" time="11.709" tests="10" errors="0" skipped="0" failures="0">
  <properties>
[...]
</properties>
  <testcase name="runScenario" classname="runners.testrunner" time="3.001"/>
  <testcase name="runScenario" classname="runners.testrunner" time="0.648"/>
  <testcase name="runScenario" classname="runners.testrunner" time="0.845"/>
  <testcase name="runScenario" classname="runners.testrunner" time="0.685"/>
  <testcase name="runScenario" classname="runners.testrunner" time="0.717"/>
  <testcase name="runScenario" classname="runners.testrunner" time="0.655"/>
  <testcase name="runScenario" classname="runners.testrunner" time="0.689"/>
  <testcase name="runScenario" classname="runners.testrunner" time="0.703"/>
  <testcase name="runScenario" classname="runners.testrunner" time="1.528"/>
  <testcase name="runScenario" classname="runners.testrunner" time="0.988"/>
</testsuite>